ERROR - 2022-05-07 20:57:21 --> Error connecting to the database: No se puede establecer una conexión ya que el equipo de destino denegó expresamente dicha conexión
CRITICAL - 2022-05-07 20:57:21 --> Unable to connect to the database.
Main connection [MySQLi]: No se puede establecer una conexión ya que el equipo de destino denegó expresamente dicha conexión
#0 E:\Xampp\htdocs\sistema_remuneraciones\system\Database\BaseConnection.php(577): CodeIgniter\Database\BaseConnection->initialize()
#1 E:\Xampp\htdocs\sistema_remuneraciones\system\Database\BaseBuilder.php(1455): CodeIgniter\Database\BaseConnection->query('SELECT *\nFROM `...', Array, false)
#2 E:\Xampp\htdocs\sistema_remuneraciones\system\Model.php(183): CodeIgniter\Database\BaseBuilder->get()
#3 E:\Xampp\htdocs\sistema_remuneraciones\system\BaseModel.php(584): CodeIgniter\Model->doFindAll(0, 0)
#4 E:\Xampp\htdocs\sistema_remuneraciones\app\Controllers\DocumentsC.php(82): CodeIgniter\BaseModel->findAll()
#5 E:\Xampp\htdocs\sistema_remuneraciones\system\CodeIgniter.php(832): App\Controllers\DocumentsC->list()
#6 E:\Xampp\htdocs\sistema_remuneraciones\system\CodeIgniter.php(419): CodeIgniter\CodeIgniter->runController(Object(App\Controllers\DocumentsC))
#7 E:\Xampp\htdocs\sistema_remuneraciones\system\CodeIgniter.php(326): CodeIgniter\CodeIgniter->handleRequest(NULL, Object(Config\Cache), false)
#8 E:\Xampp\htdocs\sistema_remuneraciones\index.php(38): CodeIgniter\CodeIgniter->run()
#9 {main}
CRITICAL - 2022-05-07 21:48:55 --> Call to undefined function App\Controllers\isAuth()
#0 E:\Xampp\htdocs\sistema_remuneraciones\system\CodeIgniter.php(832): App\Controllers\AuthC->index()
#1 E:\Xampp\htdocs\sistema_remuneraciones\system\CodeIgniter.php(419): CodeIgniter\CodeIgniter->runController(Object(App\Controllers\AuthC))
#2 E:\Xampp\htdocs\sistema_remuneraciones\system\CodeIgniter.php(326): CodeIgniter\CodeIgniter->handleRequest(NULL, Object(Config\Cache), false)
#3 E:\Xampp\htdocs\sistema_remuneraciones\index.php(38): CodeIgniter\CodeIgniter->run()
#4 {main}
CRITICAL - 2022-05-07 22:32:30 --> Undefined variable $header
#0 E:\Xampp\htdocs\sistema_remuneraciones\app\Views\home.php(1): CodeIgniter\Debug\Exceptions->errorHandler(2, 'Undefined varia...', 'E:\\Xampp\\htdocs...', 1)
#1 E:\Xampp\htdocs\sistema_remuneraciones\system\View\View.php(210): include('E:\\Xampp\\htdocs...')
#2 E:\Xampp\htdocs\sistema_remuneraciones\system\View\View.php(213): CodeIgniter\View\View->CodeIgniter\View\{closure}()
#3 E:\Xampp\htdocs\sistema_remuneraciones\system\Common.php(1089): CodeIgniter\View\View->render('home', Array, true)
#4 E:\Xampp\htdocs\sistema_remuneraciones\app\Controllers\AuthC.php(17): view('home')
#5 E:\Xampp\htdocs\sistema_remuneraciones\system\CodeIgniter.php(832): App\Controllers\AuthC->index()
#6 E:\Xampp\htdocs\sistema_remuneraciones\system\CodeIgniter.php(419): CodeIgniter\CodeIgniter->runController(Object(App\Controllers\AuthC))
#7 E:\Xampp\htdocs\sistema_remuneraciones\system\CodeIgniter.php(326): CodeIgniter\CodeIgniter->handleRequest(NULL, Object(Config\Cache), false)
#8 E:\Xampp\htdocs\sistema_remuneraciones\index.php(38): CodeIgniter\CodeIgniter->run()
#9 {main}
