CRITICAL - 2022-05-03 10:01:49 -->  route cannot be found while reverse-routing.
#0 E:\Xampp\htdocs\sistema_remuneraciones\system\HTTP\RedirectResponse.php(56): CodeIgniter\HTTP\Exceptions\HTTPException::forInvalidRedirectRoute('')
#1 E:\Xampp\htdocs\sistema_remuneraciones\system\Common.php(832): CodeIgniter\HTTP\RedirectResponse->route(false)
#2 E:\Xampp\htdocs\sistema_remuneraciones\app\Helpers\Datos_helper.php(11): redirect('/documents', 'refresh')
#3 E:\Xampp\htdocs\sistema_remuneraciones\app\Controllers\DocumentsC.php(14): redirecting()
#4 E:\Xampp\htdocs\sistema_remuneraciones\system\CodeIgniter.php(832): App\Controllers\DocumentsC->add()
#5 E:\Xampp\htdocs\sistema_remuneraciones\system\CodeIgniter.php(419): CodeIgniter\CodeIgniter->runController(Object(App\Controllers\DocumentsC))
#6 E:\Xampp\htdocs\sistema_remuneraciones\system\CodeIgniter.php(326): CodeIgniter\CodeIgniter->handleRequest(NULL, Object(Config\Cache), false)
#7 E:\Xampp\htdocs\sistema_remuneraciones\index.php(38): CodeIgniter\CodeIgniter->run()
#8 {main}
CRITICAL - 2022-05-03 10:01:58 -->  route cannot be found while reverse-routing.
#0 E:\Xampp\htdocs\sistema_remuneraciones\system\HTTP\RedirectResponse.php(56): CodeIgniter\HTTP\Exceptions\HTTPException::forInvalidRedirectRoute('')
#1 E:\Xampp\htdocs\sistema_remuneraciones\system\Common.php(832): CodeIgniter\HTTP\RedirectResponse->route(false)
#2 E:\Xampp\htdocs\sistema_remuneraciones\app\Helpers\Datos_helper.php(11): redirect('/documents', 'refresh')
#3 E:\Xampp\htdocs\sistema_remuneraciones\app\Controllers\DocumentsC.php(14): redirecting()
#4 E:\Xampp\htdocs\sistema_remuneraciones\system\CodeIgniter.php(832): App\Controllers\DocumentsC->add()
#5 E:\Xampp\htdocs\sistema_remuneraciones\system\CodeIgniter.php(419): CodeIgniter\CodeIgniter->runController(Object(App\Controllers\DocumentsC))
#6 E:\Xampp\htdocs\sistema_remuneraciones\system\CodeIgniter.php(326): CodeIgniter\CodeIgniter->handleRequest(NULL, Object(Config\Cache), false)
#7 E:\Xampp\htdocs\sistema_remuneraciones\index.php(38): CodeIgniter\CodeIgniter->run()
#8 {main}
CRITICAL - 2022-05-03 10:03:49 --> Undefined variable $header
#0 E:\Xampp\htdocs\sistema_remuneraciones\app\Views\documents.php(1): CodeIgniter\Debug\Exceptions->errorHandler(2, 'Undefined varia...', 'E:\\Xampp\\htdocs...', 1)
#1 E:\Xampp\htdocs\sistema_remuneraciones\system\View\View.php(210): include('E:\\Xampp\\htdocs...')
#2 E:\Xampp\htdocs\sistema_remuneraciones\system\View\View.php(213): CodeIgniter\View\View->CodeIgniter\View\{closure}()
#3 E:\Xampp\htdocs\sistema_remuneraciones\system\Common.php(1089): CodeIgniter\View\View->render('documents', Array, true)
#4 E:\Xampp\htdocs\sistema_remuneraciones\app\Helpers\Datos_helper.php(11): view('documents')
#5 E:\Xampp\htdocs\sistema_remuneraciones\app\Controllers\DocumentsC.php(14): redirecting()
#6 E:\Xampp\htdocs\sistema_remuneraciones\system\CodeIgniter.php(832): App\Controllers\DocumentsC->add()
#7 E:\Xampp\htdocs\sistema_remuneraciones\system\CodeIgniter.php(419): CodeIgniter\CodeIgniter->runController(Object(App\Controllers\DocumentsC))
#8 E:\Xampp\htdocs\sistema_remuneraciones\system\CodeIgniter.php(326): CodeIgniter\CodeIgniter->handleRequest(NULL, Object(Config\Cache), false)
#9 E:\Xampp\htdocs\sistema_remuneraciones\index.php(38): CodeIgniter\CodeIgniter->run()
#10 {main}
CRITICAL - 2022-05-03 10:03:50 --> Undefined variable $header
#0 E:\Xampp\htdocs\sistema_remuneraciones\app\Views\documents.php(1): CodeIgniter\Debug\Exceptions->errorHandler(2, 'Undefined varia...', 'E:\\Xampp\\htdocs...', 1)
#1 E:\Xampp\htdocs\sistema_remuneraciones\system\View\View.php(210): include('E:\\Xampp\\htdocs...')
#2 E:\Xampp\htdocs\sistema_remuneraciones\system\View\View.php(213): CodeIgniter\View\View->CodeIgniter\View\{closure}()
#3 E:\Xampp\htdocs\sistema_remuneraciones\system\Common.php(1089): CodeIgniter\View\View->render('documents', Array, true)
#4 E:\Xampp\htdocs\sistema_remuneraciones\app\Helpers\Datos_helper.php(11): view('documents')
#5 E:\Xampp\htdocs\sistema_remuneraciones\app\Controllers\DocumentsC.php(14): redirecting()
#6 E:\Xampp\htdocs\sistema_remuneraciones\system\CodeIgniter.php(832): App\Controllers\DocumentsC->add()
#7 E:\Xampp\htdocs\sistema_remuneraciones\system\CodeIgniter.php(419): CodeIgniter\CodeIgniter->runController(Object(App\Controllers\DocumentsC))
#8 E:\Xampp\htdocs\sistema_remuneraciones\system\CodeIgniter.php(326): CodeIgniter\CodeIgniter->handleRequest(NULL, Object(Config\Cache), false)
#9 E:\Xampp\htdocs\sistema_remuneraciones\index.php(38): CodeIgniter\CodeIgniter->run()
#10 {main}
CRITICAL - 2022-05-03 10:03:52 --> Undefined variable $header
#0 E:\Xampp\htdocs\sistema_remuneraciones\app\Views\documents.php(1): CodeIgniter\Debug\Exceptions->errorHandler(2, 'Undefined varia...', 'E:\\Xampp\\htdocs...', 1)
#1 E:\Xampp\htdocs\sistema_remuneraciones\system\View\View.php(210): include('E:\\Xampp\\htdocs...')
#2 E:\Xampp\htdocs\sistema_remuneraciones\system\View\View.php(213): CodeIgniter\View\View->CodeIgniter\View\{closure}()
#3 E:\Xampp\htdocs\sistema_remuneraciones\system\Common.php(1089): CodeIgniter\View\View->render('documents', Array, true)
#4 E:\Xampp\htdocs\sistema_remuneraciones\app\Helpers\Datos_helper.php(11): view('documents')
#5 E:\Xampp\htdocs\sistema_remuneraciones\app\Controllers\DocumentsC.php(14): redirecting()
#6 E:\Xampp\htdocs\sistema_remuneraciones\system\CodeIgniter.php(832): App\Controllers\DocumentsC->add()
#7 E:\Xampp\htdocs\sistema_remuneraciones\system\CodeIgniter.php(419): CodeIgniter\CodeIgniter->runController(Object(App\Controllers\DocumentsC))
#8 E:\Xampp\htdocs\sistema_remuneraciones\system\CodeIgniter.php(326): CodeIgniter\CodeIgniter->handleRequest(NULL, Object(Config\Cache), false)
#9 E:\Xampp\htdocs\sistema_remuneraciones\index.php(38): CodeIgniter\CodeIgniter->run()
#10 {main}
CRITICAL - 2022-05-03 10:03:53 --> Undefined variable $header
#0 E:\Xampp\htdocs\sistema_remuneraciones\app\Views\documents.php(1): CodeIgniter\Debug\Exceptions->errorHandler(2, 'Undefined varia...', 'E:\\Xampp\\htdocs...', 1)
#1 E:\Xampp\htdocs\sistema_remuneraciones\system\View\View.php(210): include('E:\\Xampp\\htdocs...')
#2 E:\Xampp\htdocs\sistema_remuneraciones\system\View\View.php(213): CodeIgniter\View\View->CodeIgniter\View\{closure}()
#3 E:\Xampp\htdocs\sistema_remuneraciones\system\Common.php(1089): CodeIgniter\View\View->render('documents', Array, true)
#4 E:\Xampp\htdocs\sistema_remuneraciones\app\Helpers\Datos_helper.php(11): view('documents')
#5 E:\Xampp\htdocs\sistema_remuneraciones\app\Controllers\DocumentsC.php(14): redirecting()
#6 E:\Xampp\htdocs\sistema_remuneraciones\system\CodeIgniter.php(832): App\Controllers\DocumentsC->add()
#7 E:\Xampp\htdocs\sistema_remuneraciones\system\CodeIgniter.php(419): CodeIgniter\CodeIgniter->runController(Object(App\Controllers\DocumentsC))
#8 E:\Xampp\htdocs\sistema_remuneraciones\system\CodeIgniter.php(326): CodeIgniter\CodeIgniter->handleRequest(NULL, Object(Config\Cache), false)
#9 E:\Xampp\htdocs\sistema_remuneraciones\index.php(38): CodeIgniter\CodeIgniter->run()
#10 {main}
CRITICAL - 2022-05-03 11:01:52 --> Undefined variable $dataInser
#0 E:\Xampp\htdocs\sistema_remuneraciones\app\Controllers\DocumentsC.php(65): CodeIgniter\Debug\Exceptions->errorHandler(2, 'Undefined varia...', 'E:\\Xampp\\htdocs...', 65)
#1 E:\Xampp\htdocs\sistema_remuneraciones\system\CodeIgniter.php(832): App\Controllers\DocumentsC->add()
#2 E:\Xampp\htdocs\sistema_remuneraciones\system\CodeIgniter.php(419): CodeIgniter\CodeIgniter->runController(Object(App\Controllers\DocumentsC))
#3 E:\Xampp\htdocs\sistema_remuneraciones\system\CodeIgniter.php(326): CodeIgniter\CodeIgniter->handleRequest(NULL, Object(Config\Cache), false)
#4 E:\Xampp\htdocs\sistema_remuneraciones\index.php(38): CodeIgniter\CodeIgniter->run()
#5 {main}
CRITICAL - 2022-05-03 11:02:12 --> CodeIgniter\BaseModel::transformDataToArray(): Return value must be of type array, int returned
#0 E:\Xampp\htdocs\sistema_remuneraciones\system\BaseModel.php(704): CodeIgniter\BaseModel->transformDataToArray(1, 'insert')
#1 E:\Xampp\htdocs\sistema_remuneraciones\system\Model.php(625): CodeIgniter\BaseModel->insert(1, true)
#2 E:\Xampp\htdocs\sistema_remuneraciones\app\Controllers\DocumentsC.php(65): CodeIgniter\Model->insert(1)
#3 E:\Xampp\htdocs\sistema_remuneraciones\system\CodeIgniter.php(832): App\Controllers\DocumentsC->add()
#4 E:\Xampp\htdocs\sistema_remuneraciones\system\CodeIgniter.php(419): CodeIgniter\CodeIgniter->runController(Object(App\Controllers\DocumentsC))
#5 E:\Xampp\htdocs\sistema_remuneraciones\system\CodeIgniter.php(326): CodeIgniter\CodeIgniter->handleRequest(NULL, Object(Config\Cache), false)
#6 E:\Xampp\htdocs\sistema_remuneraciones\index.php(38): CodeIgniter\CodeIgniter->run()
#7 {main}
CRITICAL - 2022-05-03 11:02:21 --> CodeIgniter\BaseModel::transformDataToArray(): Return value must be of type array, string returned
#0 E:\Xampp\htdocs\sistema_remuneraciones\system\BaseModel.php(704): CodeIgniter\BaseModel->transformDataToArray('dad', 'insert')
#1 E:\Xampp\htdocs\sistema_remuneraciones\system\Model.php(625): CodeIgniter\BaseModel->insert('dad', true)
#2 E:\Xampp\htdocs\sistema_remuneraciones\app\Controllers\DocumentsC.php(65): CodeIgniter\Model->insert('dad')
#3 E:\Xampp\htdocs\sistema_remuneraciones\system\CodeIgniter.php(832): App\Controllers\DocumentsC->add()
#4 E:\Xampp\htdocs\sistema_remuneraciones\system\CodeIgniter.php(419): CodeIgniter\CodeIgniter->runController(Object(App\Controllers\DocumentsC))
#5 E:\Xampp\htdocs\sistema_remuneraciones\system\CodeIgniter.php(326): CodeIgniter\CodeIgniter->handleRequest(NULL, Object(Config\Cache), false)
#6 E:\Xampp\htdocs\sistema_remuneraciones\index.php(38): CodeIgniter\CodeIgniter->run()
#7 {main}
ERROR - 2022-05-03 11:08:10 --> Error connecting to the database: No se puede establecer una conexión ya que el equipo de destino denegó expresamente dicha conexión
ERROR - 2022-05-03 11:08:10 --> Error connecting to the database: No se puede establecer una conexión ya que el equipo de destino denegó expresamente dicha conexión
CRITICAL - 2022-05-03 11:08:10 --> Unable to connect to the database.
Main connection [MySQLi]: No se puede establecer una conexión ya que el equipo de destino denegó expresamente dicha conexión
#0 E:\Xampp\htdocs\sistema_remuneraciones\system\Database\BaseConnection.php(577): CodeIgniter\Database\BaseConnection->initialize()
#1 E:\Xampp\htdocs\sistema_remuneraciones\system\Database\BaseBuilder.php(1771): CodeIgniter\Database\BaseConnection->query('INSERT INTO `do...', Array, false)
#2 E:\Xampp\htdocs\sistema_remuneraciones\system\Model.php(239): CodeIgniter\Database\BaseBuilder->insert()
#3 E:\Xampp\htdocs\sistema_remuneraciones\system\BaseModel.php(738): CodeIgniter\Model->doInsert(Array)
#4 E:\Xampp\htdocs\sistema_remuneraciones\system\Model.php(625): CodeIgniter\BaseModel->insert(Array, true)
#5 E:\Xampp\htdocs\sistema_remuneraciones\app\Controllers\DocumentsC.php(65): CodeIgniter\Model->insert(Array)
#6 E:\Xampp\htdocs\sistema_remuneraciones\system\CodeIgniter.php(832): App\Controllers\DocumentsC->add()
#7 E:\Xampp\htdocs\sistema_remuneraciones\system\CodeIgniter.php(419): CodeIgniter\CodeIgniter->runController(Object(App\Controllers\DocumentsC))
#8 E:\Xampp\htdocs\sistema_remuneraciones\system\CodeIgniter.php(326): CodeIgniter\CodeIgniter->handleRequest(NULL, Object(Config\Cache), false)
#9 E:\Xampp\htdocs\sistema_remuneraciones\index.php(38): CodeIgniter\CodeIgniter->run()
#10 {main}
CRITICAL - 2022-05-03 11:08:10 --> Unable to connect to the database.
Main connection [MySQLi]: No se puede establecer una conexión ya que el equipo de destino denegó expresamente dicha conexión
#0 E:\Xampp\htdocs\sistema_remuneraciones\system\Database\BaseConnection.php(577): CodeIgniter\Database\BaseConnection->initialize()
#1 E:\Xampp\htdocs\sistema_remuneraciones\system\Database\BaseBuilder.php(1771): CodeIgniter\Database\BaseConnection->query('INSERT INTO `do...', Array, false)
#2 E:\Xampp\htdocs\sistema_remuneraciones\system\Model.php(239): CodeIgniter\Database\BaseBuilder->insert()
#3 E:\Xampp\htdocs\sistema_remuneraciones\system\BaseModel.php(738): CodeIgniter\Model->doInsert(Array)
#4 E:\Xampp\htdocs\sistema_remuneraciones\system\Model.php(625): CodeIgniter\BaseModel->insert(Array, true)
#5 E:\Xampp\htdocs\sistema_remuneraciones\app\Controllers\DocumentsC.php(65): CodeIgniter\Model->insert(Array)
#6 E:\Xampp\htdocs\sistema_remuneraciones\system\CodeIgniter.php(832): App\Controllers\DocumentsC->add()
#7 E:\Xampp\htdocs\sistema_remuneraciones\system\CodeIgniter.php(419): CodeIgniter\CodeIgniter->runController(Object(App\Controllers\DocumentsC))
#8 E:\Xampp\htdocs\sistema_remuneraciones\system\CodeIgniter.php(326): CodeIgniter\CodeIgniter->handleRequest(NULL, Object(Config\Cache), false)
#9 E:\Xampp\htdocs\sistema_remuneraciones\index.php(38): CodeIgniter\CodeIgniter->run()
#10 {main}
CRITICAL - 2022-05-03 11:19:22 --> Undefined variable $dataInsesrt
#0 E:\Xampp\htdocs\sistema_remuneraciones\app\Controllers\DocumentsC.php(65): CodeIgniter\Debug\Exceptions->errorHandler(2, 'Undefined varia...', 'E:\\Xampp\\htdocs...', 65)
#1 E:\Xampp\htdocs\sistema_remuneraciones\system\CodeIgniter.php(832): App\Controllers\DocumentsC->add()
#2 E:\Xampp\htdocs\sistema_remuneraciones\system\CodeIgniter.php(419): CodeIgniter\CodeIgniter->runController(Object(App\Controllers\DocumentsC))
#3 E:\Xampp\htdocs\sistema_remuneraciones\system\CodeIgniter.php(326): CodeIgniter\CodeIgniter->handleRequest(NULL, Object(Config\Cache), false)
#4 E:\Xampp\htdocs\sistema_remuneraciones\index.php(38): CodeIgniter\CodeIgniter->run()
#5 {main}
CRITICAL - 2022-05-03 11:19:27 --> Undefined variable $dataInsesrt
#0 E:\Xampp\htdocs\sistema_remuneraciones\app\Controllers\DocumentsC.php(65): CodeIgniter\Debug\Exceptions->errorHandler(2, 'Undefined varia...', 'E:\\Xampp\\htdocs...', 65)
#1 E:\Xampp\htdocs\sistema_remuneraciones\system\CodeIgniter.php(832): App\Controllers\DocumentsC->add()
#2 E:\Xampp\htdocs\sistema_remuneraciones\system\CodeIgniter.php(419): CodeIgniter\CodeIgniter->runController(Object(App\Controllers\DocumentsC))
#3 E:\Xampp\htdocs\sistema_remuneraciones\system\CodeIgniter.php(326): CodeIgniter\CodeIgniter->handleRequest(NULL, Object(Config\Cache), false)
#4 E:\Xampp\htdocs\sistema_remuneraciones\index.php(38): CodeIgniter\CodeIgniter->run()
#5 {main}
CRITICAL - 2022-05-03 11:28:41 --> Undefined variable $dataIsnsert
#0 E:\Xampp\htdocs\sistema_remuneraciones\app\Controllers\DocumentsC.php(65): CodeIgniter\Debug\Exceptions->errorHandler(2, 'Undefined varia...', 'E:\\Xampp\\htdocs...', 65)
#1 E:\Xampp\htdocs\sistema_remuneraciones\system\CodeIgniter.php(832): App\Controllers\DocumentsC->add()
#2 E:\Xampp\htdocs\sistema_remuneraciones\system\CodeIgniter.php(419): CodeIgniter\CodeIgniter->runController(Object(App\Controllers\DocumentsC))
#3 E:\Xampp\htdocs\sistema_remuneraciones\system\CodeIgniter.php(326): CodeIgniter\CodeIgniter->handleRequest(NULL, Object(Config\Cache), false)
#4 E:\Xampp\htdocs\sistema_remuneraciones\index.php(38): CodeIgniter\CodeIgniter->run()
#5 {main}
CRITICAL - 2022-05-03 11:52:32 --> Array to string conversion
#0 E:\Xampp\htdocs\sistema_remuneraciones\app\Controllers\DocumentsC.php(73): CodeIgniter\Debug\Exceptions->errorHandler(2, 'Array to string...', 'E:\\Xampp\\htdocs...', 73)
#1 E:\Xampp\htdocs\sistema_remuneraciones\system\CodeIgniter.php(832): App\Controllers\DocumentsC->list()
#2 E:\Xampp\htdocs\sistema_remuneraciones\system\CodeIgniter.php(419): CodeIgniter\CodeIgniter->runController(Object(App\Controllers\DocumentsC))
#3 E:\Xampp\htdocs\sistema_remuneraciones\system\CodeIgniter.php(326): CodeIgniter\CodeIgniter->handleRequest(NULL, Object(Config\Cache), false)
#4 E:\Xampp\htdocs\sistema_remuneraciones\index.php(38): CodeIgniter\CodeIgniter->run()
#5 {main}
CRITICAL - 2022-05-03 12:09:36 --> mysqli_result::fetch_object(): Argument #1 ($class) must be a valid class name, arrady given
#0 E:\Xampp\htdocs\sistema_remuneraciones\system\Database\MySQLi\Result.php(148): mysqli_result->fetch_object('arrady')
#1 E:\Xampp\htdocs\sistema_remuneraciones\system\Database\BaseResult.php(149): CodeIgniter\Database\MySQLi\Result->fetchObject('arrady')
#2 E:\Xampp\htdocs\sistema_remuneraciones\system\Database\BaseResult.php(106): CodeIgniter\Database\BaseResult->getCustomResultObject('arrady')
#3 E:\Xampp\htdocs\sistema_remuneraciones\system\Model.php(184): CodeIgniter\Database\BaseResult->getResult('arrady')
#4 E:\Xampp\htdocs\sistema_remuneraciones\system\BaseModel.php(584): CodeIgniter\Model->doFindAll(0, 0)
#5 E:\Xampp\htdocs\sistema_remuneraciones\app\Controllers\DocumentsC.php(72): CodeIgniter\BaseModel->findAll()
#6 E:\Xampp\htdocs\sistema_remuneraciones\system\CodeIgniter.php(832): App\Controllers\DocumentsC->list()
#7 E:\Xampp\htdocs\sistema_remuneraciones\system\CodeIgniter.php(419): CodeIgniter\CodeIgniter->runController(Object(App\Controllers\DocumentsC))
#8 E:\Xampp\htdocs\sistema_remuneraciones\system\CodeIgniter.php(326): CodeIgniter\CodeIgniter->handleRequest(NULL, Object(Config\Cache), false)
#9 E:\Xampp\htdocs\sistema_remuneraciones\index.php(38): CodeIgniter\CodeIgniter->run()
#10 {main}
CRITICAL - 2022-05-03 12:29:09 --> Array to string conversion
#0 E:\Xampp\htdocs\sistema_remuneraciones\app\Controllers\DocumentsC.php(73): CodeIgniter\Debug\Exceptions->errorHandler(2, 'Array to string...', 'E:\\Xampp\\htdocs...', 73)
#1 E:\Xampp\htdocs\sistema_remuneraciones\system\CodeIgniter.php(832): App\Controllers\DocumentsC->list()
#2 E:\Xampp\htdocs\sistema_remuneraciones\system\CodeIgniter.php(419): CodeIgniter\CodeIgniter->runController(Object(App\Controllers\DocumentsC))
#3 E:\Xampp\htdocs\sistema_remuneraciones\system\CodeIgniter.php(326): CodeIgniter\CodeIgniter->handleRequest(NULL, Object(Config\Cache), false)
#4 E:\Xampp\htdocs\sistema_remuneraciones\index.php(38): CodeIgniter\CodeIgniter->run()
#5 {main}
CRITICAL - 2022-05-03 12:37:35 --> syntax error, unexpected token "{"
#0 E:\Xampp\htdocs\sistema_remuneraciones\system\Router\Router.php(175): CodeIgniter\Router\Router->autoRoute('/DocumentsC/lis...')
#1 E:\Xampp\htdocs\sistema_remuneraciones\system\CodeIgniter.php(726): CodeIgniter\Router\Router->handle('/DocumentsC/lis...')
#2 E:\Xampp\htdocs\sistema_remuneraciones\system\CodeIgniter.php(368): CodeIgniter\CodeIgniter->tryToRouteIt(Object(CodeIgniter\Router\RouteCollection))
#3 E:\Xampp\htdocs\sistema_remuneraciones\system\CodeIgniter.php(326): CodeIgniter\CodeIgniter->handleRequest(NULL, Object(Config\Cache), false)
#4 E:\Xampp\htdocs\sistema_remuneraciones\index.php(38): CodeIgniter\CodeIgniter->run()
#5 {main}
CRITICAL - 2022-05-03 12:38:38 --> Array to string conversion
#0 E:\Xampp\htdocs\sistema_remuneraciones\app\Controllers\DocumentsC.php(73): CodeIgniter\Debug\Exceptions->errorHandler(2, 'Array to string...', 'E:\\Xampp\\htdocs...', 73)
#1 E:\Xampp\htdocs\sistema_remuneraciones\system\CodeIgniter.php(832): App\Controllers\DocumentsC->list()
#2 E:\Xampp\htdocs\sistema_remuneraciones\system\CodeIgniter.php(419): CodeIgniter\CodeIgniter->runController(Object(App\Controllers\DocumentsC))
#3 E:\Xampp\htdocs\sistema_remuneraciones\system\CodeIgniter.php(326): CodeIgniter\CodeIgniter->handleRequest(NULL, Object(Config\Cache), false)
#4 E:\Xampp\htdocs\sistema_remuneraciones\index.php(38): CodeIgniter\CodeIgniter->run()
#5 {main}
CRITICAL - 2022-05-03 12:51:38 --> Undefined variable $totalTime
#0 E:\Xampp\htdocs\sistema_remuneraciones\system\Debug\Toolbar\Views\toolbar.tpl.php(40): CodeIgniter\Debug\Exceptions->errorHandler(2, 'Undefined varia...', 'E:\\Xampp\\htdocs...', 40)
#1 E:\Xampp\htdocs\sistema_remuneraciones\system\Debug\Toolbar.php(501): include('E:\\Xampp\\htdocs...')
#2 E:\Xampp\htdocs\sistema_remuneraciones\system\Debug\Toolbar.php(464): CodeIgniter\Debug\Toolbar->format(Array, 'html')
#3 E:\Xampp\htdocs\sistema_remuneraciones\app\Config\Events.php(48): CodeIgniter\Debug\Toolbar->respond()
#4 E:\Xampp\htdocs\sistema_remuneraciones\system\Events\Events.php(149): CodeIgniter\Events\Events::Config\{closure}()
#5 E:\Xampp\htdocs\sistema_remuneraciones\system\CodeIgniter.php(308): CodeIgniter\Events\Events::trigger('pre_system')
#6 E:\Xampp\htdocs\sistema_remuneraciones\index.php(38): CodeIgniter\CodeIgniter->run()
#7 {main}
CRITICAL - 2022-05-03 13:01:19 --> Array to string conversion
#0 E:\Xampp\htdocs\sistema_remuneraciones\app\Controllers\DocumentsC.php(73): CodeIgniter\Debug\Exceptions->errorHandler(2, 'Array to string...', 'E:\\Xampp\\htdocs...', 73)
#1 E:\Xampp\htdocs\sistema_remuneraciones\system\CodeIgniter.php(832): App\Controllers\DocumentsC->list()
#2 E:\Xampp\htdocs\sistema_remuneraciones\system\CodeIgniter.php(419): CodeIgniter\CodeIgniter->runController(Object(App\Controllers\DocumentsC))
#3 E:\Xampp\htdocs\sistema_remuneraciones\system\CodeIgniter.php(326): CodeIgniter\CodeIgniter->handleRequest(NULL, Object(Config\Cache), false)
#4 E:\Xampp\htdocs\sistema_remuneraciones\index.php(38): CodeIgniter\CodeIgniter->run()
#5 {main}
CRITICAL - 2022-05-03 17:47:01 --> require_once(modals/editDocument.php): Failed to open stream: No such file or directory
#0 E:\Xampp\htdocs\sistema_remuneraciones\app\Views\documents.php(46): CodeIgniter\Debug\Exceptions->errorHandler(2, 'require_once(mo...', 'E:\\Xampp\\htdocs...', 46)
#1 E:\Xampp\htdocs\sistema_remuneraciones\app\Views\documents.php(46): require_once()
#2 E:\Xampp\htdocs\sistema_remuneraciones\system\View\View.php(210): include('E:\\Xampp\\htdocs...')
#3 E:\Xampp\htdocs\sistema_remuneraciones\system\View\View.php(213): CodeIgniter\View\View->CodeIgniter\View\{closure}()
#4 E:\Xampp\htdocs\sistema_remuneraciones\system\Common.php(1089): CodeIgniter\View\View->render('documents', Array, true)
#5 E:\Xampp\htdocs\sistema_remuneraciones\app\Controllers\DocumentsC.php(11): view('documents', Array)
#6 E:\Xampp\htdocs\sistema_remuneraciones\system\CodeIgniter.php(832): App\Controllers\DocumentsC->index()
#7 E:\Xampp\htdocs\sistema_remuneraciones\system\CodeIgniter.php(419): CodeIgniter\CodeIgniter->runController(Object(App\Controllers\DocumentsC))
#8 E:\Xampp\htdocs\sistema_remuneraciones\system\CodeIgniter.php(326): CodeIgniter\CodeIgniter->handleRequest(NULL, Object(Config\Cache), false)
#9 E:\Xampp\htdocs\sistema_remuneraciones\index.php(38): CodeIgniter\CodeIgniter->run()
#10 {main}
CRITICAL - 2022-05-03 17:47:01 --> require_once(modals/editDocument.php): Failed to open stream: No such file or directory
#0 E:\Xampp\htdocs\sistema_remuneraciones\app\Views\documents.php(46): CodeIgniter\Debug\Exceptions->errorHandler(2, 'require_once(mo...', 'E:\\Xampp\\htdocs...', 46)
#1 E:\Xampp\htdocs\sistema_remuneraciones\app\Views\documents.php(46): require_once()
#2 E:\Xampp\htdocs\sistema_remuneraciones\system\View\View.php(210): include('E:\\Xampp\\htdocs...')
#3 E:\Xampp\htdocs\sistema_remuneraciones\system\View\View.php(213): CodeIgniter\View\View->CodeIgniter\View\{closure}()
#4 E:\Xampp\htdocs\sistema_remuneraciones\system\Common.php(1089): CodeIgniter\View\View->render('documents', Array, true)
#5 E:\Xampp\htdocs\sistema_remuneraciones\app\Controllers\DocumentsC.php(11): view('documents', Array)
#6 E:\Xampp\htdocs\sistema_remuneraciones\system\CodeIgniter.php(832): App\Controllers\DocumentsC->index()
#7 E:\Xampp\htdocs\sistema_remuneraciones\system\CodeIgniter.php(419): CodeIgniter\CodeIgniter->runController(Object(App\Controllers\DocumentsC))
#8 E:\Xampp\htdocs\sistema_remuneraciones\system\CodeIgniter.php(326): CodeIgniter\CodeIgniter->handleRequest(NULL, Object(Config\Cache), false)
#9 E:\Xampp\htdocs\sistema_remuneraciones\index.php(38): CodeIgniter\CodeIgniter->run()
#10 {main}
CRITICAL - 2022-05-03 18:39:11 --> Undefined variable $totalTime
#0 E:\Xampp\htdocs\sistema_remuneraciones\system\Debug\Toolbar\Views\toolbar.tpl.php(40): CodeIgniter\Debug\Exceptions->errorHandler(2, 'Undefined varia...', 'E:\\Xampp\\htdocs...', 40)
#1 E:\Xampp\htdocs\sistema_remuneraciones\system\Debug\Toolbar.php(501): include('E:\\Xampp\\htdocs...')
#2 E:\Xampp\htdocs\sistema_remuneraciones\system\Debug\Toolbar.php(464): CodeIgniter\Debug\Toolbar->format(Array, 'html')
#3 E:\Xampp\htdocs\sistema_remuneraciones\app\Config\Events.php(48): CodeIgniter\Debug\Toolbar->respond()
#4 E:\Xampp\htdocs\sistema_remuneraciones\system\Events\Events.php(149): CodeIgniter\Events\Events::Config\{closure}()
#5 E:\Xampp\htdocs\sistema_remuneraciones\system\CodeIgniter.php(308): CodeIgniter\Events\Events::trigger('pre_system')
#6 E:\Xampp\htdocs\sistema_remuneraciones\index.php(38): CodeIgniter\CodeIgniter->run()
#7 {main}
