CRITICAL - 2022-04-24 19:40:26 --> Invalid file: welcomes_message.php
#0 E:\Xampp\htdocs\Sistema_Remuneraciones\system\View\View.php(198): CodeIgniter\Exceptions\FrameworkException::forInvalidFile('welcomes_messag...')
#1 E:\Xampp\htdocs\Sistema_Remuneraciones\system\Common.php(1089): CodeIgniter\View\View->render('welcomes_messag...', Array, true)
#2 E:\Xampp\htdocs\Sistema_Remuneraciones\app\Controllers\Home.php(9): view('welcomes_messag...')
#3 E:\Xampp\htdocs\Sistema_Remuneraciones\system\CodeIgniter.php(832): App\Controllers\Home->index()
#4 E:\Xampp\htdocs\Sistema_Remuneraciones\system\CodeIgniter.php(419): CodeIgniter\CodeIgniter->runController(Object(App\Controllers\Home))
#5 E:\Xampp\htdocs\Sistema_Remuneraciones\system\CodeIgniter.php(326): CodeIgniter\CodeIgniter->handleRequest(NULL, Object(Config\Cache), false)
#6 E:\Xampp\htdocs\Sistema_Remuneraciones\public\index.php(37): CodeIgniter\CodeIgniter->run()
#7 {main}
CRITICAL - 2022-04-24 19:41:36 --> Invalid file: welcomes_message.php
#0 E:\Xampp\htdocs\Sistema_Remuneraciones\system\View\View.php(198): CodeIgniter\Exceptions\FrameworkException::forInvalidFile('welcomes_messag...')
#1 E:\Xampp\htdocs\Sistema_Remuneraciones\system\Common.php(1089): CodeIgniter\View\View->render('welcomes_messag...', Array, true)
#2 E:\Xampp\htdocs\Sistema_Remuneraciones\app\Controllers\Home.php(9): view('welcomes_messag...')
#3 E:\Xampp\htdocs\Sistema_Remuneraciones\system\CodeIgniter.php(832): App\Controllers\Home->index()
#4 E:\Xampp\htdocs\Sistema_Remuneraciones\system\CodeIgniter.php(419): CodeIgniter\CodeIgniter->runController(Object(App\Controllers\Home))
#5 E:\Xampp\htdocs\Sistema_Remuneraciones\system\CodeIgniter.php(326): CodeIgniter\CodeIgniter->handleRequest(NULL, Object(Config\Cache), false)
#6 E:\Xampp\htdocs\Sistema_Remuneraciones\public\index.php(37): CodeIgniter\CodeIgniter->run()
#7 {main}
CRITICAL - 2022-04-24 19:41:37 --> Invalid file: welcomes_message.php
#0 E:\Xampp\htdocs\Sistema_Remuneraciones\system\View\View.php(198): CodeIgniter\Exceptions\FrameworkException::forInvalidFile('welcomes_messag...')
#1 E:\Xampp\htdocs\Sistema_Remuneraciones\system\Common.php(1089): CodeIgniter\View\View->render('welcomes_messag...', Array, true)
#2 E:\Xampp\htdocs\Sistema_Remuneraciones\app\Controllers\Home.php(9): view('welcomes_messag...')
#3 E:\Xampp\htdocs\Sistema_Remuneraciones\system\CodeIgniter.php(832): App\Controllers\Home->index()
#4 E:\Xampp\htdocs\Sistema_Remuneraciones\system\CodeIgniter.php(419): CodeIgniter\CodeIgniter->runController(Object(App\Controllers\Home))
#5 E:\Xampp\htdocs\Sistema_Remuneraciones\system\CodeIgniter.php(326): CodeIgniter\CodeIgniter->handleRequest(NULL, Object(Config\Cache), false)
#6 E:\Xampp\htdocs\Sistema_Remuneraciones\public\index.php(37): CodeIgniter\CodeIgniter->run()
#7 {main}
CRITICAL - 2022-04-24 19:41:37 --> Invalid file: welcomes_message.php
#0 E:\Xampp\htdocs\Sistema_Remuneraciones\system\View\View.php(198): CodeIgniter\Exceptions\FrameworkException::forInvalidFile('welcomes_messag...')
#1 E:\Xampp\htdocs\Sistema_Remuneraciones\system\Common.php(1089): CodeIgniter\View\View->render('welcomes_messag...', Array, true)
#2 E:\Xampp\htdocs\Sistema_Remuneraciones\app\Controllers\Home.php(9): view('welcomes_messag...')
#3 E:\Xampp\htdocs\Sistema_Remuneraciones\system\CodeIgniter.php(832): App\Controllers\Home->index()
#4 E:\Xampp\htdocs\Sistema_Remuneraciones\system\CodeIgniter.php(419): CodeIgniter\CodeIgniter->runController(Object(App\Controllers\Home))
#5 E:\Xampp\htdocs\Sistema_Remuneraciones\system\CodeIgniter.php(326): CodeIgniter\CodeIgniter->handleRequest(NULL, Object(Config\Cache), false)
#6 E:\Xampp\htdocs\Sistema_Remuneraciones\public\index.php(37): CodeIgniter\CodeIgniter->run()
#7 {main}
CRITICAL - 2022-04-24 19:41:37 --> Invalid file: welcomes_message.php
#0 E:\Xampp\htdocs\Sistema_Remuneraciones\system\View\View.php(198): CodeIgniter\Exceptions\FrameworkException::forInvalidFile('welcomes_messag...')
#1 E:\Xampp\htdocs\Sistema_Remuneraciones\system\Common.php(1089): CodeIgniter\View\View->render('welcomes_messag...', Array, true)
#2 E:\Xampp\htdocs\Sistema_Remuneraciones\app\Controllers\Home.php(9): view('welcomes_messag...')
#3 E:\Xampp\htdocs\Sistema_Remuneraciones\system\CodeIgniter.php(832): App\Controllers\Home->index()
#4 E:\Xampp\htdocs\Sistema_Remuneraciones\system\CodeIgniter.php(419): CodeIgniter\CodeIgniter->runController(Object(App\Controllers\Home))
#5 E:\Xampp\htdocs\Sistema_Remuneraciones\system\CodeIgniter.php(326): CodeIgniter\CodeIgniter->handleRequest(NULL, Object(Config\Cache), false)
#6 E:\Xampp\htdocs\Sistema_Remuneraciones\public\index.php(37): CodeIgniter\CodeIgniter->run()
#7 {main}
CRITICAL - 2022-04-24 19:41:37 --> Invalid file: welcomes_message.php
#0 E:\Xampp\htdocs\Sistema_Remuneraciones\system\View\View.php(198): CodeIgniter\Exceptions\FrameworkException::forInvalidFile('welcomes_messag...')
#1 E:\Xampp\htdocs\Sistema_Remuneraciones\system\Common.php(1089): CodeIgniter\View\View->render('welcomes_messag...', Array, true)
#2 E:\Xampp\htdocs\Sistema_Remuneraciones\app\Controllers\Home.php(9): view('welcomes_messag...')
#3 E:\Xampp\htdocs\Sistema_Remuneraciones\system\CodeIgniter.php(832): App\Controllers\Home->index()
#4 E:\Xampp\htdocs\Sistema_Remuneraciones\system\CodeIgniter.php(419): CodeIgniter\CodeIgniter->runController(Object(App\Controllers\Home))
#5 E:\Xampp\htdocs\Sistema_Remuneraciones\system\CodeIgniter.php(326): CodeIgniter\CodeIgniter->handleRequest(NULL, Object(Config\Cache), false)
#6 E:\Xampp\htdocs\Sistema_Remuneraciones\public\index.php(37): CodeIgniter\CodeIgniter->run()
#7 {main}
CRITICAL - 2022-04-24 19:41:37 --> Invalid file: welcomes_message.php
#0 E:\Xampp\htdocs\Sistema_Remuneraciones\system\View\View.php(198): CodeIgniter\Exceptions\FrameworkException::forInvalidFile('welcomes_messag...')
#1 E:\Xampp\htdocs\Sistema_Remuneraciones\system\Common.php(1089): CodeIgniter\View\View->render('welcomes_messag...', Array, true)
#2 E:\Xampp\htdocs\Sistema_Remuneraciones\app\Controllers\Home.php(9): view('welcomes_messag...')
#3 E:\Xampp\htdocs\Sistema_Remuneraciones\system\CodeIgniter.php(832): App\Controllers\Home->index()
#4 E:\Xampp\htdocs\Sistema_Remuneraciones\system\CodeIgniter.php(419): CodeIgniter\CodeIgniter->runController(Object(App\Controllers\Home))
#5 E:\Xampp\htdocs\Sistema_Remuneraciones\system\CodeIgniter.php(326): CodeIgniter\CodeIgniter->handleRequest(NULL, Object(Config\Cache), false)
#6 E:\Xampp\htdocs\Sistema_Remuneraciones\public\index.php(37): CodeIgniter\CodeIgniter->run()
#7 {main}
CRITICAL - 2022-04-24 19:41:37 --> Invalid file: welcomes_message.php
#0 E:\Xampp\htdocs\Sistema_Remuneraciones\system\View\View.php(198): CodeIgniter\Exceptions\FrameworkException::forInvalidFile('welcomes_messag...')
#1 E:\Xampp\htdocs\Sistema_Remuneraciones\system\Common.php(1089): CodeIgniter\View\View->render('welcomes_messag...', Array, true)
#2 E:\Xampp\htdocs\Sistema_Remuneraciones\app\Controllers\Home.php(9): view('welcomes_messag...')
#3 E:\Xampp\htdocs\Sistema_Remuneraciones\system\CodeIgniter.php(832): App\Controllers\Home->index()
#4 E:\Xampp\htdocs\Sistema_Remuneraciones\system\CodeIgniter.php(419): CodeIgniter\CodeIgniter->runController(Object(App\Controllers\Home))
#5 E:\Xampp\htdocs\Sistema_Remuneraciones\system\CodeIgniter.php(326): CodeIgniter\CodeIgniter->handleRequest(NULL, Object(Config\Cache), false)
#6 E:\Xampp\htdocs\Sistema_Remuneraciones\public\index.php(37): CodeIgniter\CodeIgniter->run()
#7 {main}
CRITICAL - 2022-04-24 19:41:38 --> Invalid file: welcomes_message.php
#0 E:\Xampp\htdocs\Sistema_Remuneraciones\system\View\View.php(198): CodeIgniter\Exceptions\FrameworkException::forInvalidFile('welcomes_messag...')
#1 E:\Xampp\htdocs\Sistema_Remuneraciones\system\Common.php(1089): CodeIgniter\View\View->render('welcomes_messag...', Array, true)
#2 E:\Xampp\htdocs\Sistema_Remuneraciones\app\Controllers\Home.php(9): view('welcomes_messag...')
#3 E:\Xampp\htdocs\Sistema_Remuneraciones\system\CodeIgniter.php(832): App\Controllers\Home->index()
#4 E:\Xampp\htdocs\Sistema_Remuneraciones\system\CodeIgniter.php(419): CodeIgniter\CodeIgniter->runController(Object(App\Controllers\Home))
#5 E:\Xampp\htdocs\Sistema_Remuneraciones\system\CodeIgniter.php(326): CodeIgniter\CodeIgniter->handleRequest(NULL, Object(Config\Cache), false)
#6 E:\Xampp\htdocs\Sistema_Remuneraciones\public\index.php(37): CodeIgniter\CodeIgniter->run()
#7 {main}
CRITICAL - 2022-04-24 19:41:38 --> Invalid file: welcomes_message.php
#0 E:\Xampp\htdocs\Sistema_Remuneraciones\system\View\View.php(198): CodeIgniter\Exceptions\FrameworkException::forInvalidFile('welcomes_messag...')
#1 E:\Xampp\htdocs\Sistema_Remuneraciones\system\Common.php(1089): CodeIgniter\View\View->render('welcomes_messag...', Array, true)
#2 E:\Xampp\htdocs\Sistema_Remuneraciones\app\Controllers\Home.php(9): view('welcomes_messag...')
#3 E:\Xampp\htdocs\Sistema_Remuneraciones\system\CodeIgniter.php(832): App\Controllers\Home->index()
#4 E:\Xampp\htdocs\Sistema_Remuneraciones\system\CodeIgniter.php(419): CodeIgniter\CodeIgniter->runController(Object(App\Controllers\Home))
#5 E:\Xampp\htdocs\Sistema_Remuneraciones\system\CodeIgniter.php(326): CodeIgniter\CodeIgniter->handleRequest(NULL, Object(Config\Cache), false)
#6 E:\Xampp\htdocs\Sistema_Remuneraciones\public\index.php(37): CodeIgniter\CodeIgniter->run()
#7 {main}
CRITICAL - 2022-04-24 19:41:43 --> Invalid file: welcomes_message.php
#0 E:\Xampp\htdocs\Sistema_Remuneraciones\system\View\View.php(198): CodeIgniter\Exceptions\FrameworkException::forInvalidFile('welcomes_messag...')
#1 E:\Xampp\htdocs\Sistema_Remuneraciones\system\Common.php(1089): CodeIgniter\View\View->render('welcomes_messag...', Array, true)
#2 E:\Xampp\htdocs\Sistema_Remuneraciones\app\Controllers\Home.php(9): view('welcomes_messag...')
#3 E:\Xampp\htdocs\Sistema_Remuneraciones\system\CodeIgniter.php(832): App\Controllers\Home->index()
#4 E:\Xampp\htdocs\Sistema_Remuneraciones\system\CodeIgniter.php(419): CodeIgniter\CodeIgniter->runController(Object(App\Controllers\Home))
#5 E:\Xampp\htdocs\Sistema_Remuneraciones\system\CodeIgniter.php(326): CodeIgniter\CodeIgniter->handleRequest(NULL, Object(Config\Cache), false)
#6 E:\Xampp\htdocs\Sistema_Remuneraciones\public\index.php(37): CodeIgniter\CodeIgniter->run()
#7 {main}
CRITICAL - 2022-04-24 19:41:44 --> Invalid file: welcomes_message.php
#0 E:\Xampp\htdocs\Sistema_Remuneraciones\system\View\View.php(198): CodeIgniter\Exceptions\FrameworkException::forInvalidFile('welcomes_messag...')
#1 E:\Xampp\htdocs\Sistema_Remuneraciones\system\Common.php(1089): CodeIgniter\View\View->render('welcomes_messag...', Array, true)
#2 E:\Xampp\htdocs\Sistema_Remuneraciones\app\Controllers\Home.php(9): view('welcomes_messag...')
#3 E:\Xampp\htdocs\Sistema_Remuneraciones\system\CodeIgniter.php(832): App\Controllers\Home->index()
#4 E:\Xampp\htdocs\Sistema_Remuneraciones\system\CodeIgniter.php(419): CodeIgniter\CodeIgniter->runController(Object(App\Controllers\Home))
#5 E:\Xampp\htdocs\Sistema_Remuneraciones\system\CodeIgniter.php(326): CodeIgniter\CodeIgniter->handleRequest(NULL, Object(Config\Cache), false)
#6 E:\Xampp\htdocs\Sistema_Remuneraciones\public\index.php(37): CodeIgniter\CodeIgniter->run()
#7 {main}
CRITICAL - 2022-04-24 19:41:44 --> Invalid file: welcomes_message.php
#0 E:\Xampp\htdocs\Sistema_Remuneraciones\system\View\View.php(198): CodeIgniter\Exceptions\FrameworkException::forInvalidFile('welcomes_messag...')
#1 E:\Xampp\htdocs\Sistema_Remuneraciones\system\Common.php(1089): CodeIgniter\View\View->render('welcomes_messag...', Array, true)
#2 E:\Xampp\htdocs\Sistema_Remuneraciones\app\Controllers\Home.php(9): view('welcomes_messag...')
#3 E:\Xampp\htdocs\Sistema_Remuneraciones\system\CodeIgniter.php(832): App\Controllers\Home->index()
#4 E:\Xampp\htdocs\Sistema_Remuneraciones\system\CodeIgniter.php(419): CodeIgniter\CodeIgniter->runController(Object(App\Controllers\Home))
#5 E:\Xampp\htdocs\Sistema_Remuneraciones\system\CodeIgniter.php(326): CodeIgniter\CodeIgniter->handleRequest(NULL, Object(Config\Cache), false)
#6 E:\Xampp\htdocs\Sistema_Remuneraciones\public\index.php(37): CodeIgniter\CodeIgniter->run()
#7 {main}
CRITICAL - 2022-04-24 19:41:44 --> Invalid file: welcomes_message.php
#0 E:\Xampp\htdocs\Sistema_Remuneraciones\system\View\View.php(198): CodeIgniter\Exceptions\FrameworkException::forInvalidFile('welcomes_messag...')
#1 E:\Xampp\htdocs\Sistema_Remuneraciones\system\Common.php(1089): CodeIgniter\View\View->render('welcomes_messag...', Array, true)
#2 E:\Xampp\htdocs\Sistema_Remuneraciones\app\Controllers\Home.php(9): view('welcomes_messag...')
#3 E:\Xampp\htdocs\Sistema_Remuneraciones\system\CodeIgniter.php(832): App\Controllers\Home->index()
#4 E:\Xampp\htdocs\Sistema_Remuneraciones\system\CodeIgniter.php(419): CodeIgniter\CodeIgniter->runController(Object(App\Controllers\Home))
#5 E:\Xampp\htdocs\Sistema_Remuneraciones\system\CodeIgniter.php(326): CodeIgniter\CodeIgniter->handleRequest(NULL, Object(Config\Cache), false)
#6 E:\Xampp\htdocs\Sistema_Remuneraciones\public\index.php(37): CodeIgniter\CodeIgniter->run()
#7 {main}
CRITICAL - 2022-04-24 20:45:25 --> Undefined constant "base"
#0 E:\Xampp\htdocs\Sistema_Remuneraciones\system\View\View.php(210): include()
#1 E:\Xampp\htdocs\Sistema_Remuneraciones\system\View\View.php(213): CodeIgniter\View\View->CodeIgniter\View\{closure}()
#2 E:\Xampp\htdocs\Sistema_Remuneraciones\system\Common.php(1089): CodeIgniter\View\View->render('login', Array, true)
#3 E:\Xampp\htdocs\Sistema_Remuneraciones\app\Controllers\AuthC.php(8): view('login')
#4 E:\Xampp\htdocs\Sistema_Remuneraciones\system\CodeIgniter.php(832): App\Controllers\AuthC->index()
#5 E:\Xampp\htdocs\Sistema_Remuneraciones\system\CodeIgniter.php(419): CodeIgniter\CodeIgniter->runController(Object(App\Controllers\AuthC))
#6 E:\Xampp\htdocs\Sistema_Remuneraciones\system\CodeIgniter.php(326): CodeIgniter\CodeIgniter->handleRequest(NULL, Object(Config\Cache), false)
#7 E:\Xampp\htdocs\Sistema_Remuneraciones\public\index.php(37): CodeIgniter\CodeIgniter->run()
#8 {main}
CRITICAL - 2022-04-24 21:31:07 --> Object of class stdClass could not be converted to string
#0 E:\Xampp\htdocs\Sistema_Remuneraciones\system\CodeIgniter.php(832): App\Controllers\AuthC->auth()
#1 E:\Xampp\htdocs\Sistema_Remuneraciones\system\CodeIgniter.php(419): CodeIgniter\CodeIgniter->runController(Object(App\Controllers\AuthC))
#2 E:\Xampp\htdocs\Sistema_Remuneraciones\system\CodeIgniter.php(326): CodeIgniter\CodeIgniter->handleRequest(NULL, Object(Config\Cache), false)
#3 E:\Xampp\htdocs\Sistema_Remuneraciones\index.php(38): CodeIgniter\CodeIgniter->run()
#4 {main}
CRITICAL - 2022-04-24 21:31:08 --> Object of class stdClass could not be converted to string
#0 E:\Xampp\htdocs\Sistema_Remuneraciones\system\CodeIgniter.php(832): App\Controllers\AuthC->auth()
#1 E:\Xampp\htdocs\Sistema_Remuneraciones\system\CodeIgniter.php(419): CodeIgniter\CodeIgniter->runController(Object(App\Controllers\AuthC))
#2 E:\Xampp\htdocs\Sistema_Remuneraciones\system\CodeIgniter.php(326): CodeIgniter\CodeIgniter->handleRequest(NULL, Object(Config\Cache), false)
#3 E:\Xampp\htdocs\Sistema_Remuneraciones\index.php(38): CodeIgniter\CodeIgniter->run()
#4 {main}
CRITICAL - 2022-04-24 21:31:20 --> Object of class stdClass could not be converted to string
#0 E:\Xampp\htdocs\Sistema_Remuneraciones\system\CodeIgniter.php(832): App\Controllers\AuthC->auth()
#1 E:\Xampp\htdocs\Sistema_Remuneraciones\system\CodeIgniter.php(419): CodeIgniter\CodeIgniter->runController(Object(App\Controllers\AuthC))
#2 E:\Xampp\htdocs\Sistema_Remuneraciones\system\CodeIgniter.php(326): CodeIgniter\CodeIgniter->handleRequest(NULL, Object(Config\Cache), false)
#3 E:\Xampp\htdocs\Sistema_Remuneraciones\index.php(38): CodeIgniter\CodeIgniter->run()
#4 {main}
CRITICAL - 2022-04-24 21:44:16 --> Attempt to read property "password" on null
#0 E:\Xampp\htdocs\Sistema_Remuneraciones\app\Controllers\AuthC.php(14): CodeIgniter\Debug\Exceptions->errorHandler(2, 'Attempt to read...', 'E:\\Xampp\\htdocs...', 14)
#1 E:\Xampp\htdocs\Sistema_Remuneraciones\system\CodeIgniter.php(832): App\Controllers\AuthC->auth()
#2 E:\Xampp\htdocs\Sistema_Remuneraciones\system\CodeIgniter.php(419): CodeIgniter\CodeIgniter->runController(Object(App\Controllers\AuthC))
#3 E:\Xampp\htdocs\Sistema_Remuneraciones\system\CodeIgniter.php(326): CodeIgniter\CodeIgniter->handleRequest(NULL, Object(Config\Cache), false)
#4 E:\Xampp\htdocs\Sistema_Remuneraciones\index.php(38): CodeIgniter\CodeIgniter->run()
#5 {main}
CRITICAL - 2022-04-24 21:44:17 --> Attempt to read property "password" on null
#0 E:\Xampp\htdocs\Sistema_Remuneraciones\app\Controllers\AuthC.php(14): CodeIgniter\Debug\Exceptions->errorHandler(2, 'Attempt to read...', 'E:\\Xampp\\htdocs...', 14)
#1 E:\Xampp\htdocs\Sistema_Remuneraciones\system\CodeIgniter.php(832): App\Controllers\AuthC->auth()
#2 E:\Xampp\htdocs\Sistema_Remuneraciones\system\CodeIgniter.php(419): CodeIgniter\CodeIgniter->runController(Object(App\Controllers\AuthC))
#3 E:\Xampp\htdocs\Sistema_Remuneraciones\system\CodeIgniter.php(326): CodeIgniter\CodeIgniter->handleRequest(NULL, Object(Config\Cache), false)
#4 E:\Xampp\htdocs\Sistema_Remuneraciones\index.php(38): CodeIgniter\CodeIgniter->run()
#5 {main}
